# JRE version: OpenJDK Runtime Environment (8.0_191-b12) (build 1.8.0_191-b12)
# Java VM: OpenJDK 64-Bit Server VM (25.191-b12 mixed mode linux-amd64 compressed oops)
Heap:
 PSYoungGen      total 247296K, used 195836K [0x00000000eab00000, 0x00000000fc800000, 0x0000000100000000)
  eden space 219136K, 79% used [0x00000000eab00000,0x00000000f54d76e0,0x00000000f8100000)
  from space 28160K, 77% used [0x00000000fac80000,0x00000000fc1e7cd8,0x00000000fc800000)
  to   space 36352K, 0% used [0x00000000f8100000,0x00000000f8100000,0x00000000fa480000)
 ParOldGen       total 183808K, used 67154K [0x00000000c0000000, 0x00000000cb380000, 0x00000000eab00000)
  object space 183808K, 36% used [0x00000000c0000000,0x00000000c4194840,0x00000000cb380000)
 Metaspace       used 64352K, capacity 67506K, committed 67712K, reserved 1107968K
  class space    used 8073K, capacity 8830K, committed 8832K, reserved 1048576K
GC Heap History (38 events):
Event: 0.467 GC heap before
{Heap before GC invocations=1 (full 0):
 PSYoungGen      total 36352K, used 31232K [0x00000000eab00000, 0x00000000ed380000, 0x0000000100000000)
  eden space 31232K, 100% used [0x00000000eab00000,0x00000000ec980000,0x00000000ec980000)
  from space 5120K, 0% used [0x00000000ece80000,0x00000000ece80000,0x00000000ed380000)
  to   space 5120K, 0% used [0x00000000ec980000,0x00000000ec980000,0x00000000ece80000)
 ParOldGen       total 83456K, used 0K [0x00000000c0000000, 0x00000000c5180000, 0x00000000eab00000)
  object space 83456K, 0% used [0x00000000c0000000,0x00000000c0000000,0x00000000c5180000)
 Metaspace       used 7272K, capacity 7428K, committed 7680K, reserved 1056768K
  class space    used 834K, capacity 908K, committed 1024K, reserved 1048576K
Event: 0.473 GC heap after
Heap after GC invocations=1 (full 0):
 PSYoungGen      total 36352K, used 4091K [0x00000000eab00000, 0x00000000ef200000, 0x0000000100000000)
  eden space 31232K, 0% used [0x00000000eab00000,0x00000000eab00000,0x00000000ec980000)
  from space 5120K, 79% used [0x00000000ec980000,0x00000000ecd7eff8,0x00000000ece80000)
  to   space 5120K, 0% used [0x00000000eed00000,0x00000000eed00000,0x00000000ef200000)
 ParOldGen       total 83456K, used 8K [0x00000000c0000000, 0x00000000c5180000, 0x00000000eab00000)
  object space 83456K, 0% used [0x00000000c0000000,0x00000000c0002000,0x00000000c5180000)
 Metaspace       used 7272K, capacity 7428K, committed 7680K, reserved 1056768K
  class space    used 834K, capacity 908K, committed 1024K, reserved 1048576K
}
Event: 0.916 GC heap before
{Heap before GC invocations=2 (full 0):
 PSYoungGen      total 36352K, used 35323K [0x00000000eab00000, 0x00000000ef200000, 0x0000000100000000)
  eden space 31232K, 100% used [0x00000000eab00000,0x00000000ec980000,0x00000000ec980000)
  from space 5120K, 79% used [0x00000000ec980000,0x00000000ecd7eff8,0x00000000ece80000)
  to   space 5120K, 0% used [0x00000000eed00000,0x00000000eed00000,0x00000000ef200000)
 ParOldGen       total 83456K, used 8K [0x00000000c0000000, 0x00000000c5180000, 0x00000000eab00000)
  object space 83456K, 0% used [0x00000000c0000000,0x00000000c0002000,0x00000000c5180000)
 Metaspace       used 11101K, capacity 11358K, committed 11520K, reserved 1058816K
  class space    used 1396K, capacity 1487K, committed 1536K, reserved 1048576K
Event: 0.923 GC heap after
Heap after GC invocations=2 (full 0):
 PSYoungGen      total 67584K, used 5101K [0x00000000eab00000, 0x00000000ef200000, 0x0000000100000000)
  eden space 62464K, 0% used [0x00000000eab00000,0x00000000eab00000,0x00000000ee800000)
  from space 5120K, 99% used [0x00000000eed00000,0x00000000ef1fb778,0x00000000ef200000)
  to   space 5120K, 0% used [0x00000000ee800000,0x00000000ee800000,0x00000000eed00000)
 ParOldGen       total 83456K, used 65K [0x00000000c0000000, 0x00000000c5180000, 0x00000000eab00000)
  object space 83456K, 0% used [0x00000000c0000000,0x00000000c00105c8,0x00000000c5180000)
 Metaspace       used 11101K, capacity 11358K, committed 11520K, reserved 1058816K
  class space    used 1396K, capacity 1487K, committed 1536K, reserved 1048576K
}
Event: 1.620 GC heap before
{Heap before GC invocations=3 (full 0):
 PSYoungGen      total 67584K, used 67565K [0x00000000eab00000, 0x00000000ef200000, 0x0000000100000000)
  eden space 62464K, 100% used [0x00000000eab00000,0x00000000ee800000,0x00000000ee800000)
  from space 5120K, 99% used [0x00000000eed00000,0x00000000ef1fb778,0x00000000ef200000)
  to   space 5120K, 0% used [0x00000000ee800000,0x00000000ee800000,0x00000000eed00000)
 ParOldGen       total 83456K, used 65K [0x00000000c0000000, 0x00000000c5180000, 0x00000000eab00000)
  object space 83456K, 0% used [0x00000000c0000000,0x00000000c00105c8,0x00000000c5180000)
 Metaspace       used 17186K, capacity 17496K, committed 17664K, reserved 1064960K
  class space    used 2368K, capacity 2466K, committed 2560K, reserved 1048576K
Event: 1.634 GC heap after
Heap after GC invocations=3 (full 0):
 PSYoungGen      total 67584K, used 5104K [0x00000000eab00000, 0x00000000f2f00000, 0x0000000100000000)
  eden space 62464K, 0% used [0x00000000eab00000,0x00000000eab00000,0x00000000ee800000)
  from space 5120K, 99% used [0x00000000ee800000,0x00000000eecfc010,0x00000000eed00000)
  to   space 5120K, 0% used [0x00000000f2a00000,0x00000000f2a00000,0x00000000f2f00000)
 ParOldGen       total 83456K, used 5314K [0x00000000c0000000, 0x00000000c5180000, 0x00000000eab00000)
  object space 83456K, 6% used [0x00000000c0000000,0x00000000c0530b70,0x00000000c5180000)
 Metaspace       used 17186K, capacity 17496K, committed 17664K, reserved 1064960K
  class space    used 2368K, capacity 2466K, committed 2560K, reserved 1048576K
}
Event: 1.954 GC heap before
{Heap before GC invocations=4 (full 0):
 PSYoungGen      total 67584K, used 21757K [0x00000000eab00000, 0x00000000f2f00000, 0x0000000100000000)
  eden space 62464K, 26% used [0x00000000eab00000,0x00000000ebb43680,0x00000000ee800000)
  from space 5120K, 99% used [0x00000000ee800000,0x00000000eecfc010,0x00000000eed00000)
  to   space 5120K, 0% used [0x00000000f2a00000,0x00000000f2a00000,0x00000000f2f00000)
 ParOldGen       total 83456K, used 5314K [0x00000000c0000000, 0x00000000c5180000, 0x00000000eab00000)
  object space 83456K, 6% used [0x00000000c0000000,0x00000000c0530b70,0x00000000c5180000)
 Metaspace       used 20919K, capacity 21208K, committed 21296K, reserved 1067008K
  class space    used 2788K, capacity 2914K, committed 2944K, reserved 1048576K
Event: 1.962 GC heap after
Heap after GC invocations=4 (full 0):
 PSYoungGen      total 130048K, used 5104K [0x00000000eab00000, 0x00000000f2f00000, 0x0000000100000000)
  eden space 124928K, 0% used [0x00000000eab00000,0x00000000eab00000,0x00000000f2500000)
  from space 5120K, 99% used [0x00000000f2a00000,0x00000000f2efc040,0x00000000f2f00000)
  to   space 5120K, 0% used [0x00000000f2500000,0x00000000f2500000,0x00000000f2a00000)
 ParOldGen       total 83456K, used 8183K [0x00000000c0000000, 0x00000000c5180000, 0x00000000eab00000)
  object space 83456K, 9% used [0x00000000c0000000,0x00000000c07fdda8,0x00000000c5180000)
 Metaspace       used 20919K, capacity 21208K, committed 21296K, reserved 1067008K
  class space    used 2788K, capacity 2914K, committed 2944K, reserved 1048576K
}
Event: 1.962 GC heap before
{Heap before GC invocations=5 (full 1):
 PSYoungGen      total 130048K, used 5104K [0x00000000eab00000, 0x00000000f2f00000, 0x0000000100000000)
  eden space 124928K, 0% used [0x00000000eab00000,0x00000000eab00000,0x00000000f2500000)
  from space 5120K, 99% used [0x00000000f2a00000,0x00000000f2efc040,0x00000000f2f00000)
  to   space 5120K, 0% used [0x00000000f2500000,0x00000000f2500000,0x00000000f2a00000)
 ParOldGen       total 83456K, used 8183K [0x00000000c0000000, 0x00000000c5180000, 0x00000000eab00000)
  object space 83456K, 9% used [0x00000000c0000000,0x00000000c07fdda8,0x00000000c5180000)
 Metaspace       used 20919K, capacity 21208K, committed 21296K, reserved 1067008K
  class space    used 2788K, capacity 2914K, committed 2944K, reserved 1048576K
Event: 1.992 GC heap after
Heap after GC invocations=5 (full 1):
 PSYoungGen      total 130048K, used 0K [0x00000000eab00000, 0x00000000f2f00000, 0x0000000100000000)
  eden space 124928K, 0% used [0x00000000eab00000,0x00000000eab00000,0x00000000f2500000)
  from space 5120K, 0% used [0x00000000f2a00000,0x00000000f2a00000,0x00000000f2f00000)
  to   space 5120K, 0% used [0x00000000f2500000,0x00000000f2500000,0x00000000f2a00000)
 ParOldGen       total 59904K, used 8094K [0x00000000c0000000, 0x00000000c3a80000, 0x00000000eab00000)
  object space 59904K, 13% used [0x00000000c0000000,0x00000000c07e7b58,0x00000000c3a80000)
 Metaspace       used 20919K, capacity 21208K, committed 21296K, reserved 1067008K
  class space    used 2788K, capacity 2914K, committed 2944K, reserved 1048576K
}
Event: 3.303 GC heap before
{Heap before GC invocations=6 (full 1):
 PSYoungGen      total 130048K, used 124928K [0x00000000eab00000, 0x00000000f2f00000, 0x0000000100000000)
  eden space 124928K, 100% used [0x00000000eab00000,0x00000000f2500000,0x00000000f2500000)
  from space 5120K, 0% used [0x00000000f2a00000,0x00000000f2a00000,0x00000000f2f00000)
  to   space 5120K, 0% used [0x00000000f2500000,0x00000000f2500000,0x00000000f2a00000)
 ParOldGen       total 59904K, used 8094K [0x00000000c0000000, 0x00000000c3a80000, 0x00000000eab00000)
  object space 59904K, 13% used [0x00000000c0000000,0x00000000c07e7b58,0x00000000c3a80000)
 Metaspace       used 30841K, capacity 31372K, committed 31744K, reserved 1077248K
  class space    used 4133K, capacity 4327K, committed 4352K, reserved 1048576K
Event: 3.325 GC heap after
Heap after GC invocations=6 (full 1):
 PSYoungGen      total 130048K, used 5108K [0x00000000eab00000, 0x00000000f8300000, 0x0000000100000000)
  eden space 124928K, 0% used [0x00000000eab00000,0x00000000eab00000,0x00000000f2500000)
  from space 5120K, 99% used [0x00000000f2500000,0x00000000f29fd020,0x00000000f2a00000)
  to   space 14848K, 0% used [0x00000000f7480000,0x00000000f7480000,0x00000000f8300000)
 ParOldGen       total 59904K, used 16172K [0x00000000c0000000, 0x00000000c3a80000, 0x00000000eab00000)
  object space 59904K, 26% used [0x00000000c0000000,0x00000000c0fcb3f8,0x00000000c3a80000)
 Metaspace       used 30841K, capacity 31372K, committed 31744K, reserved 1077248K
  class space    used 4133K, capacity 4327K, committed 4352K, reserved 1048576K
}
Event: 4.473 GC heap before
{Heap before GC invocations=7 (full 1):
 PSYoungGen      total 130048K, used 27296K [0x00000000eab00000, 0x00000000f8300000, 0x0000000100000000)
  eden space 124928K, 17% used [0x00000000eab00000,0x00000000ec0ab2e8,0x00000000f2500000)
  from space 5120K, 99% used [0x00000000f2500000,0x00000000f29fd020,0x00000000f2a00000)
  to   space 14848K, 0% used [0x00000000f7480000,0x00000000f7480000,0x00000000f8300000)
 ParOldGen       total 59904K, used 16172K [0x00000000c0000000, 0x00000000c3a80000, 0x00000000eab00000)
  object space 59904K, 26% used [0x00000000c0000000,0x00000000c0fcb3f8,0x00000000c3a80000)
 Metaspace       used 34784K, capacity 35200K, committed 35496K, reserved 1079296K
  class space    used 4583K, capacity 4747K, committed 4864K, reserved 1048576K
Event: 4.480 GC heap after
Heap after GC invocations=7 (full 1):
 PSYoungGen      total 193536K, used 7367K [0x00000000eab00000, 0x00000000f7c00000, 0x0000000100000000)
  eden space 185856K, 0% used [0x00000000eab00000,0x00000000eab00000,0x00000000f6080000)
  from space 7680K, 95% used [0x00000000f7480000,0x00000000f7bb1d50,0x00000000f7c00000)
  to   space 13824K, 0% used [0x00000000f6100000,0x00000000f6100000,0x00000000f6e80000)
 ParOldGen       total 59904K, used 16245K [0x00000000c0000000, 0x00000000c3a80000, 0x00000000eab00000)
  object space 59904K, 27% used [0x00000000c0000000,0x00000000c0fdd408,0x00000000c3a80000)
 Metaspace       used 34784K, capacity 35200K, committed 35496K, reserved 1079296K
  class space    used 4583K, capacity 4747K, committed 4864K, reserved 1048576K
}
Event: 4.480 GC heap before
{Heap before GC invocations=8 (full 2):
 PSYoungGen      total 193536K, used 7367K [0x00000000eab00000, 0x00000000f7c00000, 0x0000000100000000)
  eden space 185856K, 0% used [0x00000000eab00000,0x00000000eab00000,0x00000000f6080000)
  from space 7680K, 95% used [0x00000000f7480000,0x00000000f7bb1d50,0x00000000f7c00000)
  to   space 13824K, 0% used [0x00000000f6100000,0x00000000f6100000,0x00000000f6e80000)
 ParOldGen       total 59904K, used 16245K [0x00000000c0000000, 0x00000000c3a80000, 0x00000000eab00000)
  object space 59904K, 27% used [0x00000000c0000000,0x00000000c0fdd408,0x00000000c3a80000)
 Metaspace       used 34784K, capacity 35200K, committed 35496K, reserved 1079296K
  class space    used 4583K, capacity 4747K, committed 4864K, reserved 1048576K
Event: 4.545 GC heap after
Heap after GC invocations=8 (full 2):
 PSYoungGen      total 193536K, used 0K [0x00000000eab00000, 0x00000000f7c00000, 0x0000000100000000)
  eden space 185856K, 0% used [0x00000000eab00000,0x00000000eab00000,0x00000000f6080000)
  from space 7680K, 0% used [0x00000000f7480000,0x00000000f7480000,0x00000000f7c00000)
  to   space 13824K, 0% used [0x00000000f6100000,0x00000000f6100000,0x00000000f6e80000)
 ParOldGen       total 104448K, used 21645K [0x00000000c0000000, 0x00000000c6600000, 0x00000000eab00000)
  object space 104448K, 20% used [0x00000000c0000000,0x00000000c1523660,0x00000000c6600000)
 Metaspace       used 34784K, capacity 35200K, committed 35496K, reserved 1079296K
  class space    used 4583K, capacity 4747K, committed 4864K, reserved 1048576K
}
Event: 9.427 GC heap before
{Heap before GC invocations=9 (full 2):
 PSYoungGen      total 193536K, used 185856K [0x00000000eab00000, 0x00000000f7c00000, 0x0000000100000000)
  eden space 185856K, 100% used [0x00000000eab00000,0x00000000f6080000,0x00000000f6080000)
  from space 7680K, 0% used [0x00000000f7480000,0x00000000f7480000,0x00000000f7c00000)
  to   space 13824K, 0% used [0x00000000f6100000,0x00000000f6100000,0x00000000f6e80000)
 ParOldGen       total 104448K, used 21645K [0x00000000c0000000, 0x00000000c6600000, 0x00000000eab00000)
  object space 104448K, 20% used [0x00000000c0000000,0x00000000c1523660,0x00000000c6600000)
 Metaspace       used 42960K, capacity 43796K, committed 44032K, reserved 1087488K
  class space    used 5797K, capacity 6077K, committed 6144K, reserved 1048576K
Event: 9.444 GC heap after
Heap after GC invocations=9 (full 2):
 PSYoungGen      total 200192K, used 13810K [0x00000000eab00000, 0x00000000fc380000, 0x0000000100000000)
  eden space 186368K, 0% used [0x00000000eab00000,0x00000000eab00000,0x00000000f6100000)
  from space 13824K, 99% used [0x00000000f6100000,0x00000000f6e7c9e0,0x00000000f6e80000)
  to   space 16896K, 0% used [0x00000000fb300000,0x00000000fb300000,0x00000000fc380000)
 ParOldGen       total 104448K, used 23938K [0x00000000c0000000, 0x00000000c6600000, 0x00000000eab00000)
  object space 104448K, 22% used [0x00000000c0000000,0x00000000c1760b30,0x00000000c6600000)
 Metaspace       used 42960K, capacity 43796K, committed 44032K, reserved 1087488K
  class space    used 5797K, capacity 6077K, committed 6144K, reserved 1048576K
}
Event: 54.201 GC heap before
{Heap before GC invocations=10 (full 2):
 PSYoungGen      total 200192K, used 200178K [0x00000000eab00000, 0x00000000fc380000, 0x0000000100000000)
  eden space 186368K, 100% used [0x00000000eab00000,0x00000000f6100000,0x00000000f6100000)
  from space 13824K, 99% used [0x00000000f6100000,0x00000000f6e7c9e0,0x00000000f6e80000)
  to   space 16896K, 0% used [0x00000000fb300000,0x00000000fb300000,0x00000000fc380000)
 ParOldGen       total 104448K, used 23938K [0x00000000c0000000, 0x00000000c6600000, 0x00000000eab00000)
  object space 104448K, 22% used [0x00000000c0000000,0x00000000c1760b30,0x00000000c6600000)
 Metaspace       used 51430K, capacity 53154K, committed 53376K, reserved 1095680K
  class space    used 6792K, capacity 7292K, committed 7296K, reserved 1048576K
Event: 54.228 GC heap after
Heap after GC invocations=10 (full 2):
 PSYoungGen      total 259584K, used 16869K [0x00000000eab00000, 0x00000000fc900000, 0x0000000100000000)
  eden space 242688K, 0% used [0x00000000eab00000,0x00000000eab00000,0x00000000f9800000)
  from space 16896K, 99% used [0x00000000fb300000,0x00000000fc379540,0x00000000fc380000)
  to   space 25088K, 0% used [0x00000000f9800000,0x00000000f9800000,0x00000000fb080000)
 ParOldGen       total 104448K, used 36252K [0x00000000c0000000, 0x00000000c6600000, 0x00000000eab00000)
  object space 104448K, 34% used [0x00000000c0000000,0x00000000c2367048,0x00000000c6600000)
 Metaspace       used 51430K, capacity 53154K, committed 53376K, reserved 1095680K
  class space    used 6792K, capacity 7292K, committed 7296K, reserved 1048576K
}
Event: 55.600 GC heap before
{Heap before GC invocations=11 (full 2):
 PSYoungGen      total 259584K, used 195761K [0x00000000eab00000, 0x00000000fc900000, 0x0000000100000000)
  eden space 242688K, 73% used [0x00000000eab00000,0x00000000f59b2f98,0x00000000f9800000)
  from space 16896K, 99% used [0x00000000fb300000,0x00000000fc379540,0x00000000fc380000)
  to   space 25088K, 0% used [0x00000000f9800000,0x00000000f9800000,0x00000000fb080000)
 ParOldGen       total 104448K, used 36252K [0x00000000c0000000, 0x00000000c6600000, 0x00000000eab00000)
  object space 104448K, 34% used [0x00000000c0000000,0x00000000c2367048,0x00000000c6600000)
 Metaspace       used 57050K, capacity 59050K, committed 59136K, reserved 1099776K
  class space    used 7432K, capacity 7922K, committed 7936K, reserved 1048576K
Event: 55.646 GC heap after
Heap after GC invocations=11 (full 2):
 PSYoungGen      total 267776K, used 25062K [0x00000000eab00000, 0x0000000100000000, 0x0000000100000000)
  eden space 242688K, 0% used [0x00000000eab00000,0x00000000eab00000,0x00000000f9800000)
  from space 25088K, 99% used [0x00000000f9800000,0x00000000fb079958,0x00000000fb080000)
  to   space 39424K, 0% used [0x00000000fd980000,0x00000000fd980000,0x0000000100000000)
 ParOldGen       total 104448K, used 62693K [0x00000000c0000000, 0x00000000c6600000, 0x00000000eab00000)
  object space 104448K, 60% used [0x00000000c0000000,0x00000000c3d39738,0x00000000c6600000)
 Metaspace       used 57050K, capacity 59050K, committed 59136K, reserved 1099776K
  class space    used 7432K, capacity 7922K, committed 7936K, reserved 1048576K
}
Event: 55.646 GC heap before
{Heap before GC invocations=12 (full 3):
 PSYoungGen      total 267776K, used 25062K [0x00000000eab00000, 0x0000000100000000, 0x0000000100000000)
  eden space 242688K, 0% used [0x00000000eab00000,0x00000000eab00000,0x00000000f9800000)
  from space 25088K, 99% used [0x00000000f9800000,0x00000000fb079958,0x00000000fb080000)
  to   space 39424K, 0% used [0x00000000fd980000,0x00000000fd980000,0x0000000100000000)
 ParOldGen       total 104448K, used 62693K [0x00000000c0000000, 0x00000000c6600000, 0x00000000eab00000)
  object space 104448K, 60% used [0x00000000c0000000,0x00000000c3d39738,0x00000000c6600000)
 Metaspace       used 57050K, capacity 59050K, committed 59136K, reserved 1099776K
  class space    used 7432K, capacity 7922K, committed 7936K, reserved 1048576K
Event: 55.856 GC heap after
Heap after GC invocations=12 (full 3):
 PSYoungGen      total 267776K, used 0K [0x00000000eab00000, 0x0000000100000000, 0x0000000100000000)
  eden space 242688K, 0% used [0x00000000eab00000,0x00000000eab00000,0x00000000f9800000)
  from space 25088K, 0% used [0x00000000f9800000,0x00000000f9800000,0x00000000fb080000)
  to   space 39424K, 0% used [0x00000000fd980000,0x00000000fd980000,0x0000000100000000)
 ParOldGen       total 183808K, used 67098K [0x00000000c0000000, 0x00000000cb380000, 0x00000000eab00000)
  object space 183808K, 36% used [0x00000000c0000000,0x00000000c4186840,0x00000000cb380000)
 Metaspace       used 57050K, capacity 59050K, committed 59136K, reserved 1099776K
  class space    used 7432K, capacity 7922K, committed 7936K, reserved 1048576K
}
Event: 1055.864 GC heap before
{Heap before GC invocations=13 (full 3):
 PSYoungGen      total 267776K, used 242688K [0x00000000eab00000, 0x0000000100000000, 0x0000000100000000)
  eden space 242688K, 100% used [0x00000000eab00000,0x00000000f9800000,0x00000000f9800000)
  from space 25088K, 0% used [0x00000000f9800000,0x00000000f9800000,0x00000000fb080000)
  to   space 39424K, 0% used [0x00000000fd980000,0x00000000fd980000,0x0000000100000000)
 ParOldGen       total 183808K, used 67098K [0x00000000c0000000, 0x00000000cb380000, 0x00000000eab00000)
  object space 183808K, 36% used [0x00000000c0000000,0x00000000c4186840,0x00000000cb380000)
 Metaspace       used 58955K, capacity 61064K, committed 61312K, reserved 1101824K
  class space    used 7521K, capacity 8059K, committed 8064K, reserved 1048576K
Event: 1055.899 GC heap after
Heap after GC invocations=13 (full 3):
 PSYoungGen      total 310272K, used 20723K [0x00000000eab00000, 0x0000000100000000, 0x0000000100000000)
  eden space 270848K, 0% used [0x00000000eab00000,0x00000000eab00000,0x00000000fb380000)
  from space 39424K, 52% used [0x00000000fd980000,0x00000000fedbcc68,0x0000000100000000)
  to   space 38912K, 0% used [0x00000000fb380000,0x00000000fb380000,0x00000000fd980000)
 ParOldGen       total 183808K, used 67106K [0x00000000c0000000, 0x00000000cb380000, 0x00000000eab00000)
  object space 183808K, 36% used [0x00000000c0000000,0x00000000c4188840,0x00000000cb380000)
 Metaspace       used 58955K, capacity 61064K, committed 61312K, reserved 1101824K
  class space    used 7521K, capacity 8059K, committed 8064K, reserved 1048576K
}
Event: 5562.716 GC heap before
{Heap before GC invocations=14 (full 3):
 PSYoungGen      total 310272K, used 291571K [0x00000000eab00000, 0x0000000100000000, 0x0000000100000000)
  eden space 270848K, 100% used [0x00000000eab00000,0x00000000fb380000,0x00000000fb380000)
  from space 39424K, 52% used [0x00000000fd980000,0x00000000fedbcc68,0x0000000100000000)
  to   space 38912K, 0% used [0x00000000fb380000,0x00000000fb380000,0x00000000fd980000)
 ParOldGen       total 183808K, used 67106K [0x00000000c0000000, 0x00000000cb380000, 0x00000000eab00000)
  object space 183808K, 36% used [0x00000000c0000000,0x00000000c4188840,0x00000000cb380000)
 Metaspace       used 59685K, capacity 62024K, committed 62208K, reserved 1103872K
  class space    used 7556K, capacity 8123K, committed 8192K, reserved 1048576K
Event: 5562.739 GC heap after
Heap after GC invocations=14 (full 3):
 PSYoungGen      total 277504K, used 16325K [0x00000000eab00000, 0x00000000ff200000, 0x0000000100000000)
  eden space 261120K, 0% used [0x00000000eab00000,0x00000000eab00000,0x00000000faa00000)
  from space 16384K, 99% used [0x00000000fb380000,0x00000000fc371458,0x00000000fc380000)
  to   space 36864K, 0% used [0x00000000fce00000,0x00000000fce00000,0x00000000ff200000)
 ParOldGen       total 183808K, used 67114K [0x00000000c0000000, 0x00000000cb380000, 0x00000000eab00000)
  object space 183808K, 36% used [0x00000000c0000000,0x00000000c418a840,0x00000000cb380000)
 Metaspace       used 59685K, capacity 62024K, committed 62208K, reserved 1103872K
  class space    used 7556K, capacity 8123K, committed 8192K, reserved 1048576K
}
Event: 6135.879 GC heap before
{Heap before GC invocations=15 (full 3):
 PSYoungGen      total 277504K, used 277445K [0x00000000eab00000, 0x00000000ff200000, 0x0000000100000000)
  eden space 261120K, 100% used [0x00000000eab00000,0x00000000faa00000,0x00000000faa00000)
  from space 16384K, 99% used [0x00000000fb380000,0x00000000fc371458,0x00000000fc380000)
  to   space 36864K, 0% used [0x00000000fce00000,0x00000000fce00000,0x00000000ff200000)
 ParOldGen       total 183808K, used 67114K [0x00000000c0000000, 0x00000000cb380000, 0x00000000eab00000)
  object space 183808K, 36% used [0x00000000c0000000,0x00000000c418a840,0x00000000cb380000)
 Metaspace       used 61288K, capacity 63810K, committed 64000K, reserved 1105920K
  class space    used 7764K, capacity 8366K, committed 8448K, reserved 1048576K
Event: 6135.911 GC heap after
Heap after GC invocations=15 (full 3):
 PSYoungGen      total 280576K, used 23468K [0x00000000eab00000, 0x00000000fea00000, 0x0000000100000000)
  eden space 251904K, 0% used [0x00000000eab00000,0x00000000eab00000,0x00000000fa100000)
  from space 28672K, 81% used [0x00000000fce00000,0x00000000fe4eb310,0x00000000fea00000)
  to   space 37376K, 0% used [0x00000000fa100000,0x00000000fa100000,0x00000000fc580000)
 ParOldGen       total 183808K, used 67122K [0x00000000c0000000, 0x00000000cb380000, 0x00000000eab00000)
  object space 183808K, 36% used [0x00000000c0000000,0x00000000c418c840,0x00000000cb380000)
 Metaspace       used 61288K, capacity 63810K, committed 64000K, reserved 1105920K
  class space    used 7764K, capacity 8366K, committed 8448K, reserved 1048576K
}
Event: 6371.537 GC heap before
{Heap before GC invocations=16 (full 3):
 PSYoungGen      total 280576K, used 275372K [0x00000000eab00000, 0x00000000fea00000, 0x0000000100000000)
  eden space 251904K, 100% used [0x00000000eab00000,0x00000000fa100000,0x00000000fa100000)
  from space 28672K, 81% used [0x00000000fce00000,0x00000000fe4eb310,0x00000000fea00000)
  to   space 37376K, 0% used [0x00000000fa100000,0x00000000fa100000,0x00000000fc580000)
 ParOldGen       total 183808K, used 67122K [0x00000000c0000000, 0x00000000cb380000, 0x00000000eab00000)
  object space 183808K, 36% used [0x00000000c0000000,0x00000000c418c840,0x00000000cb380000)
 Metaspace       used 63546K, capacity 66612K, committed 66688K, reserved 1107968K
  class space    used 8040K, capacity 8763K, committed 8832K, reserved 1048576K
Event: 6371.564 GC heap after
Heap after GC invocations=16 (full 3):
 PSYoungGen      total 267264K, used 23889K [0x00000000eab00000, 0x00000000fe280000, 0x0000000100000000)
  eden space 243200K, 0% used [0x00000000eab00000,0x00000000eab00000,0x00000000f9880000)
  from space 24064K, 99% used [0x00000000fa100000,0x00000000fb854768,0x00000000fb880000)
  to   space 37888K, 0% used [0x00000000fbd80000,0x00000000fbd80000,0x00000000fe280000)
 ParOldGen       total 183808K, used 67130K [0x00000000c0000000, 0x00000000cb380000, 0x00000000eab00000)
  object space 183808K, 36% used [0x00000000c0000000,0x00000000c418e840,0x00000000cb380000)
 Metaspace       used 63546K, capacity 66612K, committed 66688K, reserved 1107968K
  class space    used 8040K, capacity 8763K, committed 8832K, reserved 1048576K
}
Event: 7526.642 GC heap before
{Heap before GC invocations=17 (full 3):
 PSYoungGen      total 267264K, used 267089K [0x00000000eab00000, 0x00000000fe280000, 0x0000000100000000)
  eden space 243200K, 100% used [0x00000000eab00000,0x00000000f9880000,0x00000000f9880000)
  from space 24064K, 99% used [0x00000000fa100000,0x00000000fb854768,0x00000000fb880000)
  to   space 37888K, 0% used [0x00000000fbd80000,0x00000000fbd80000,0x00000000fe280000)
 ParOldGen       total 183808K, used 67130K [0x00000000c0000000, 0x00000000cb380000, 0x00000000eab00000)
  object space 183808K, 36% used [0x00000000c0000000,0x00000000c418e840,0x00000000cb380000)
 Metaspace       used 63880K, capacity 66982K, committed 67200K, reserved 1107968K
  class space    used 8058K, capacity 8808K, committed 8832K, reserved 1048576K
Event: 7526.664 GC heap after
Heap after GC invocations=17 (full 3):
 PSYoungGen      total 262656K, used 12456K [0x00000000eab00000, 0x00000000fd880000, 0x0000000100000000)
  eden space 235008K, 0% used [0x00000000eab00000,0x00000000eab00000,0x00000000f9080000)
  from space 27648K, 45% used [0x00000000fbd80000,0x00000000fc9aa1b0,0x00000000fd880000)
  to   space 36864K, 0% used [0x00000000f9080000,0x00000000f9080000,0x00000000fb480000)
 ParOldGen       total 183808K, used 67138K [0x00000000c0000000, 0x00000000cb380000, 0x00000000eab00000)
  object space 183808K, 36% used [0x00000000c0000000,0x00000000c4190840,0x00000000cb380000)
 Metaspace       used 63880K, capacity 66982K, committed 67200K, reserved 1107968K
  class space    used 8058K, capacity 8808K, committed 8832K, reserved 1048576K
}
Event: 7710.435 GC heap before
{Heap before GC invocations=18 (full 3):
 PSYoungGen      total 262656K, used 247464K [0x00000000eab00000, 0x00000000fd880000, 0x0000000100000000)
  eden space 235008K, 100% used [0x00000000eab00000,0x00000000f9080000,0x00000000f9080000)
  from space 27648K, 45% used [0x00000000fbd80000,0x00000000fc9aa1b0,0x00000000fd880000)
  to   space 36864K, 0% used [0x00000000f9080000,0x00000000f9080000,0x00000000fb480000)
 ParOldGen       total 183808K, used 67138K [0x00000000c0000000, 0x00000000cb380000, 0x00000000eab00000)
  object space 183808K, 36% used [0x00000000c0000000,0x00000000c4190840,0x00000000cb380000)
 Metaspace       used 64102K, capacity 67210K, committed 67456K, reserved 1107968K
  class space    used 8067K, capacity 8824K, committed 8832K, reserved 1048576K
Event: 7710.465 GC heap after
Heap after GC invocations=18 (full 3):
 PSYoungGen      total 248832K, used 21941K [0x00000000eab00000, 0x00000000fd080000, 0x0000000100000000)
  eden space 226816K, 0% used [0x00000000eab00000,0x00000000eab00000,0x00000000f8880000)
  from space 22016K, 99% used [0x00000000f9080000,0x00000000fa5ed4f0,0x00000000fa600000)
  to   space 36864K, 0% used [0x00000000fac80000,0x00000000fac80000,0x00000000fd080000)
 ParOldGen       total 183808K, used 67146K [0x00000000c0000000, 0x00000000cb380000, 0x00000000eab00000)
  object space 183808K, 36% used [0x00000000c0000000,0x00000000c4192840,0x00000000cb380000)
 Metaspace       used 64102K, capacity 67210K, committed 67456K, reserved 1107968K
  class space    used 8067K, capacity 8824K, committed 8832K, reserved 1048576K
}
Event: 9056.630 GC heap before
{Heap before GC invocations=19 (full 3):
 PSYoungGen      total 248832K, used 248757K [0x00000000eab00000, 0x00000000fd080000, 0x0000000100000000)
  eden space 226816K, 100% used [0x00000000eab00000,0x00000000f8880000,0x00000000f8880000)
  from space 22016K, 99% used [0x00000000f9080000,0x00000000fa5ed4f0,0x00000000fa600000)
  to   space 36864K, 0% used [0x00000000fac80000,0x00000000fac80000,0x00000000fd080000)
 ParOldGen       total 183808K, used 67146K [0x00000000c0000000, 0x00000000cb380000, 0x00000000eab00000)
  object space 183808K, 36% used [0x00000000c0000000,0x00000000c4192840,0x00000000cb380000)
 Metaspace       used 64277K, capacity 67430K, committed 67456K, reserved 1107968K
  class space    used 8072K, capacity 8828K, committed 8832K, reserved 1048576K
Event: 9056.657 GC heap after
Heap after GC invocations=19 (full 3):
 PSYoungGen      total 247296K, used 21919K [0x00000000eab00000, 0x00000000fc800000, 0x0000000100000000)
  eden space 219136K, 0% used [0x00000000eab00000,0x00000000eab00000,0x00000000f8100000)
  from space 28160K, 77% used [0x00000000fac80000,0x00000000fc1e7cd8,0x00000000fc800000)
  to   space 36352K, 0% used [0x00000000f8100000,0x00000000f8100000,0x00000000fa480000)
 ParOldGen       total 183808K, used 67154K [0x00000000c0000000, 0x00000000cb380000, 0x00000000eab00000)
  object space 183808K, 36% used [0x00000000c0000000,0x00000000c4194840,0x00000000cb380000)
 Metaspace       used 64277K, capacity 67430K, committed 67456K, reserved 1107968K
  class space    used 8072K, capacity 8828K, committed 8832K, reserved 1048576K
}

